<?xml version="1.0" encoding="UTF-8"?>
<!-- Generated by org.testng.reporters.JUnitReportReporter -->
<testsuite hostname="DESKTOP-LDD4O2D" failures="0" tests="2" name="Facebooktest.FB.HomePageTest" time="32.221" errors="0" timestamp="3 Mar 2022 02:44:21 GMT">
  <testcase classname="Facebooktest.FB.HomePageTest" name="verifyalllinksdisplayed" time="1.894"/>
  <testcase classname="Facebooktest.FB.HomePageTest" name="userregister" time="30.327"/>
</testsuite> <!-- Facebooktest.FB.HomePageTest -->
