<?xml version="1.0" encoding="UTF-8"?>
<!-- Generated by org.testng.reporters.JUnitReportReporter -->
<testsuite hostname="DESKTOP-LDD4O2D" failures="0" tests="1" name="Facebooktest.FB.HomePageTest" time="35.602" errors="0" timestamp="23 Feb 2022 04:18:43 GMT">
  <testcase classname="Facebooktest.FB.HomePageTest" name="userregister" time="35.602"/>
</testsuite> <!-- Facebooktest.FB.HomePageTest -->
